{
  "stats": {
    "suites": 1,
    "tests": 1,
    "passes": 1,
    "pending": 0,
    "failures": 0,
    "start": "2023-07-25T22:50:52.351Z",
    "end": "2023-07-25T22:50:55.093Z",
    "duration": 2742,
    "testsRegistered": 1,
    "passPercent": 100,
    "pendingPercent": 0,
    "other": 0,
    "hasOther": false,
    "skipped": 0,
    "hasSkipped": false
  },
  "results": [
    {
      "uuid": "4c087608-8671-45ff-9f5a-843a08cf3fd5",
      "title": "",
      "fullFile": "cypress\\e2e\\login-incorreto.cy.js",
      "file": "cypress\\e2e\\login-incorreto.cy.js",
      "beforeHooks": [],
      "afterHooks": [],
      "tests": [],
      "suites": [
        {
          "uuid": "9f240176-d277-4640-9899-dfc08f52c2f2",
          "title": "Página de login",
          "fullFile": "",
          "file": "",
          "beforeHooks": [],
          "afterHooks": [],
          "tests": [
            {
              "title": "Verificar mensagem de campos obrigatórios",
              "fullTitle": "Página de login Verificar mensagem de campos obrigatórios",
              "timedOut": null,
              "duration": 1366,
              "state": "passed",
              "speed": "fast",
              "pass": true,
              "fail": false,
              "pending": false,
              "context": null,
              "code": "cy.visit('https://3076-cypress-alurapic-front.vercel.app/');\ncy.contains('User name is required!').should('be.visible');\ncy.contains('Password is required!').should('be.visible');",
              "err": {},
              "uuid": "643041be-4084-4c97-8857-e51b0bc8e7aa",
              "parentUUID": "9f240176-d277-4640-9899-dfc08f52c2f2",
              "isHook": false,
              "skipped": false
            }
          ],
          "suites": [],
          "passes": [
            "643041be-4084-4c97-8857-e51b0bc8e7aa"
          ],
          "failures": [],
          "pending": [],
          "skipped": [],
          "duration": 1366,
          "root": false,
          "rootEmpty": false,
          "_timeout": 2000
        }
      ],
      "passes": [],
      "failures": [],
      "pending": [],
      "skipped": [],
      "duration": 0,
      "root": true,
      "rootEmpty": true,
      "_timeout": 2000
    }
  ],
  "meta": {
    "mocha": {
      "version": "7.0.1"
    },
    "mochawesome": {
      "options": {
        "quiet": false,
        "reportFilename": "mochawesome",
        "saveHtml": true,
        "saveJson": true,
        "consoleReporter": "spec",
        "useInlineDiffs": false,
        "code": true
      },
      "version": "7.1.3"
    },
    "marge": {
      "options": null,
      "version": "6.2.0"
    }
  }
}